<?xml version="1.0" encoding="UTF-8"?>
<coverage generated="1763552694203" clover="3.2.0">
  <project timestamp="1763552694203" name="All files">
    <metrics statements="31" coveredstatements="25" conditionals="4" coveredconditionals="1" methods="18" coveredmethods="10" elements="53" coveredelements="36" complexity="0" loc="31" ncloc="31" packages="3" files="6" classes="6"/>
    <package name="src">
      <metrics statements="2" coveredstatements="2" conditionals="0" coveredconditionals="0" methods="1" coveredmethods="1"/>
      <file name="App.css" path="/Volumes/Nelson SSD/2024_SEBootcamp/38_ReactJS_Fundamentals/09 React Forms/react-forms-exercise/todo-app/src/App.css">
        <metrics statements="0" coveredstatements="0" conditionals="0" coveredconditionals="0" methods="0" coveredmethods="0"/>
      </file>
      <file name="App.jsx" path="/Volumes/Nelson SSD/2024_SEBootcamp/38_ReactJS_Fundamentals/09 React Forms/react-forms-exercise/todo-app/src/App.jsx">
        <metrics statements="2" coveredstatements="2" conditionals="0" coveredconditionals="0" methods="1" coveredmethods="1"/>
        <line num="8" count="1" type="stmt"/>
        <line num="10" count="1" type="stmt"/>
      </file>
    </package>
    <package name="src.assets">
      <metrics statements="0" coveredstatements="0" conditionals="0" coveredconditionals="0" methods="0" coveredmethods="0"/>
      <file name="react.svg" path="/Volumes/Nelson SSD/2024_SEBootcamp/38_ReactJS_Fundamentals/09 React Forms/react-forms-exercise/todo-app/src/assets/react.svg">
        <metrics statements="0" coveredstatements="0" conditionals="0" coveredconditionals="0" methods="0" coveredmethods="0"/>
      </file>
    </package>
    <package name="src.components">
      <metrics statements="29" coveredstatements="23" conditionals="4" coveredconditionals="1" methods="17" coveredmethods="9"/>
      <file name="NewTodoForm.jsx" path="/Volumes/Nelson SSD/2024_SEBootcamp/38_ReactJS_Fundamentals/09 React Forms/react-forms-exercise/todo-app/src/components/NewTodoForm.jsx">
        <metrics statements="12" coveredstatements="12" conditionals="0" coveredconditionals="0" methods="4" coveredmethods="4"/>
        <line num="4" count="1" type="stmt"/>
        <line num="6" count="15" type="stmt"/>
        <line num="10" count="15" type="stmt"/>
        <line num="12" count="15" type="stmt"/>
        <line num="13" count="13" type="stmt"/>
        <line num="14" count="13" type="stmt"/>
        <line num="20" count="15" type="stmt"/>
        <line num="21" count="1" type="stmt"/>
        <line num="22" count="1" type="stmt"/>
        <line num="23" count="1" type="stmt"/>
        <line num="24" count="1" type="stmt"/>
        <line num="27" count="15" type="stmt"/>
      </file>
      <file name="Todo.jsx" path="/Volumes/Nelson SSD/2024_SEBootcamp/38_ReactJS_Fundamentals/09 React Forms/react-forms-exercise/todo-app/src/components/Todo.jsx">
        <metrics statements="4" coveredstatements="2" conditionals="2" coveredconditionals="1" methods="3" coveredmethods="1"/>
        <line num="3" count="1" type="stmt"/>
        <line num="4" count="5" type="stmt"/>
        <line num="9" count="0" type="stmt"/>
        <line num="20" count="0" type="stmt"/>
      </file>
      <file name="TodoList.jsx" path="/Volumes/Nelson SSD/2024_SEBootcamp/38_ReactJS_Fundamentals/09 React Forms/react-forms-exercise/todo-app/src/components/TodoList.jsx">
        <metrics statements="13" coveredstatements="9" conditionals="2" coveredconditionals="0" methods="10" coveredmethods="4"/>
        <line num="6" count="1" type="stmt"/>
        <line num="9" count="2" type="stmt"/>
        <line num="15" count="2" type="stmt"/>
        <line num="17" count="2" type="stmt"/>
        <line num="18" count="1" type="stmt"/>
        <line num="21" count="2" type="stmt"/>
        <line num="22" count="0" type="stmt"/>
        <line num="25" count="2" type="stmt"/>
        <line num="26" count="0" type="stmt"/>
        <line num="27" count="0" type="stmt"/>
        <line num="28" count="0" type="cond" truecount="0" falsecount="2"/>
        <line num="33" count="2" type="stmt"/>
        <line num="38" count="5" type="stmt"/>
      </file>
    </package>
  </project>
</coverage>
