{"/Volumes/Nelson SSD/2024_SEBootcamp/38_ReactJS_Fundamentals/09 React Forms/react-forms-exercise/todo-app/src/App.css": {"path":"/Volumes/Nelson SSD/2024_SEBootcamp/38_ReactJS_Fundamentals/09 React Forms/react-forms-exercise/todo-app/src/App.css","statementMap":{},"fnMap":{},"branchMap":{},"s":{},"f":{},"b":{},"meta":{"lastBranch":0,"lastFunction":0,"lastStatement":0,"seen":{}}}
,"/Volumes/Nelson SSD/2024_SEBootcamp/38_ReactJS_Fundamentals/09 React Forms/react-forms-exercise/todo-app/src/App.jsx": {"path":"/Volumes/Nelson SSD/2024_SEBootcamp/38_ReactJS_Fundamentals/09 React Forms/react-forms-exercise/todo-app/src/App.jsx","statementMap":{"0":{"start":{"line":8,"column":24},"end":{"line":8,"column":null}},"1":{"start":{"line":10,"column":2},"end":{"line":23,"column":null}}},"fnMap":{"0":{"name":"App","decl":{"start":{"line":7,"column":9},"end":{"line":7,"column":15}},"loc":{"start":{"line":7,"column":15},"end":{"line":25,"column":null}},"line":7}},"branchMap":{},"s":{"0":1,"1":1},"f":{"0":1},"b":{},"meta":{"lastBranch":0,"lastFunction":1,"lastStatement":2,"seen":{"f:7:9:7:15":0,"s:8:24:8:Infinity":0,"s:10:2:23:Infinity":1}}}
,"/Volumes/Nelson SSD/2024_SEBootcamp/38_ReactJS_Fundamentals/09 React Forms/react-forms-exercise/todo-app/src/assets/react.svg": {"path":"/Volumes/Nelson SSD/2024_SEBootcamp/38_ReactJS_Fundamentals/09 React Forms/react-forms-exercise/todo-app/src/assets/react.svg","statementMap":{},"fnMap":{},"branchMap":{},"s":{},"f":{},"b":{},"meta":{"lastBranch":0,"lastFunction":0,"lastStatement":0,"seen":{}}}
,"/Volumes/Nelson SSD/2024_SEBootcamp/38_ReactJS_Fundamentals/09 React Forms/react-forms-exercise/todo-app/src/components/NewTodoForm.jsx": {"path":"/Volumes/Nelson SSD/2024_SEBootcamp/38_ReactJS_Fundamentals/09 React Forms/react-forms-exercise/todo-app/src/components/NewTodoForm.jsx","statementMap":{"0":{"start":{"line":4,"column":20},"end":{"line":75,"column":null}},"1":{"start":{"line":6,"column":23},"end":{"line":8,"column":null}},"2":{"start":{"line":10,"column":32},"end":{"line":10,"column":null}},"3":{"start":{"line":12,"column":25},"end":{"line":18,"column":null}},"4":{"start":{"line":13,"column":32},"end":{"line":13,"column":null}},"5":{"start":{"line":14,"column":8},"end":{"line":17,"column":null}},"6":{"start":{"line":14,"column":33},"end":{"line":17,"column":10}},"7":{"start":{"line":20,"column":25},"end":{"line":25,"column":null}},"8":{"start":{"line":21,"column":8},"end":{"line":21,"column":null}},"9":{"start":{"line":22,"column":8},"end":{"line":22,"column":null}},"10":{"start":{"line":23,"column":8},"end":{"line":23,"column":null}},"11":{"start":{"line":24,"column":8},"end":{"line":24,"column":null}},"12":{"start":{"line":27,"column":4},"end":{"line":72,"column":null}}},"fnMap":{"0":{"name":"(anonymous_0)","decl":{"start":{"line":4,"column":20},"end":{"line":4,"column":21}},"loc":{"start":{"line":4,"column":37},"end":{"line":75,"column":null}},"line":4},"1":{"name":"(anonymous_1)","decl":{"start":{"line":12,"column":25},"end":{"line":12,"column":26}},"loc":{"start":{"line":12,"column":32},"end":{"line":18,"column":null}},"line":12},"2":{"name":"(anonymous_2)","decl":{"start":{"line":14,"column":20},"end":{"line":14,"column":33}},"loc":{"start":{"line":14,"column":33},"end":{"line":17,"column":10}},"line":14},"3":{"name":"(anonymous_3)","decl":{"start":{"line":20,"column":25},"end":{"line":20,"column":26}},"loc":{"start":{"line":20,"column":32},"end":{"line":25,"column":null}},"line":20}},"branchMap":{},"s":{"0":1,"1":15,"2":15,"3":15,"4":13,"5":13,"6":13,"7":15,"8":1,"9":1,"10":1,"11":1,"12":15},"f":{"0":15,"1":13,"2":13,"3":1},"b":{},"meta":{"lastBranch":0,"lastFunction":4,"lastStatement":13,"seen":{"s:4:20:75:Infinity":0,"f:4:20:4:21":0,"s:6:23:8:Infinity":1,"s:10:32:10:Infinity":2,"s:12:25:18:Infinity":3,"f:12:25:12:26":1,"s:13:32:13:Infinity":4,"s:14:8:17:Infinity":5,"f:14:20:14:33":2,"s:14:33:17:10":6,"s:20:25:25:Infinity":7,"f:20:25:20:26":3,"s:21:8:21:Infinity":8,"s:22:8:22:Infinity":9,"s:23:8:23:Infinity":10,"s:24:8:24:Infinity":11,"s:27:4:72:Infinity":12}}}
,"/Volumes/Nelson SSD/2024_SEBootcamp/38_ReactJS_Fundamentals/09 React Forms/react-forms-exercise/todo-app/src/components/Todo.jsx": {"path":"/Volumes/Nelson SSD/2024_SEBootcamp/38_ReactJS_Fundamentals/09 React Forms/react-forms-exercise/todo-app/src/components/Todo.jsx","statementMap":{"0":{"start":{"line":3,"column":13},"end":{"line":25,"column":null}},"1":{"start":{"line":4,"column":4},"end":{"line":23,"column":null}},"2":{"start":{"line":9,"column":32},"end":{"line":9,"column":null}},"3":{"start":{"line":20,"column":35},"end":{"line":20,"column":56}}},"fnMap":{"0":{"name":"(anonymous_0)","decl":{"start":{"line":3,"column":13},"end":{"line":3,"column":14}},"loc":{"start":{"line":3,"column":51},"end":{"line":25,"column":null}},"line":3},"1":{"name":"(anonymous_1)","decl":{"start":{"line":9,"column":26},"end":{"line":9,"column":32}},"loc":{"start":{"line":9,"column":32},"end":{"line":9,"column":null}},"line":9},"2":{"name":"(anonymous_2)","decl":{"start":{"line":20,"column":29},"end":{"line":20,"column":35}},"loc":{"start":{"line":20,"column":35},"end":{"line":20,"column":56}},"line":20}},"branchMap":{"0":{"loc":{"start":{"line":14,"column":36},"end":{"line":14,"column":null}},"type":"cond-expr","locations":[{"start":{"line":14,"column":53},"end":{"line":14,"column":70}},{"start":{"line":14,"column":70},"end":{"line":14,"column":null}}],"line":14}},"s":{"0":1,"1":5,"2":0,"3":0},"f":{"0":5,"1":0,"2":0},"b":{"0":[0,5]},"meta":{"lastBranch":1,"lastFunction":3,"lastStatement":4,"seen":{"s:3:13:25:Infinity":0,"f:3:13:3:14":0,"s:4:4:23:Infinity":1,"f:9:26:9:32":1,"s:9:32:9:Infinity":2,"b:14:53:14:70:14:70:14:Infinity":0,"f:20:29:20:35":2,"s:20:35:20:56":3}}}
,"/Volumes/Nelson SSD/2024_SEBootcamp/38_ReactJS_Fundamentals/09 React Forms/react-forms-exercise/todo-app/src/components/TodoList.jsx": {"path":"/Volumes/Nelson SSD/2024_SEBootcamp/38_ReactJS_Fundamentals/09 React Forms/react-forms-exercise/todo-app/src/components/TodoList.jsx","statementMap":{"0":{"start":{"line":6,"column":17},"end":{"line":49,"column":null}},"1":{"start":{"line":9,"column":8},"end":{"line":12,"column":null}},"2":{"start":{"line":15,"column":26},"end":{"line":15,"column":null}},"3":{"start":{"line":17,"column":20},"end":{"line":19,"column":null}},"4":{"start":{"line":18,"column":8},"end":{"line":18,"column":null}},"5":{"start":{"line":18,"column":26},"end":{"line":18,"column":65}},"6":{"start":{"line":21,"column":23},"end":{"line":23,"column":null}},"7":{"start":{"line":22,"column":8},"end":{"line":22,"column":null}},"8":{"start":{"line":22,"column":26},"end":{"line":22,"column":64}},"9":{"start":{"line":22,"column":49},"end":{"line":22,"column":63}},"10":{"start":{"line":25,"column":23},"end":{"line":31,"column":null}},"11":{"start":{"line":26,"column":8},"end":{"line":30,"column":null}},"12":{"start":{"line":27,"column":12},"end":{"line":29,"column":null}},"13":{"start":{"line":28,"column":16},"end":{"line":28,"column":null}},"14":{"start":{"line":33,"column":4},"end":{"line":46,"column":null}},"15":{"start":{"line":38,"column":20},"end":{"line":43,"column":23}}},"fnMap":{"0":{"name":"(anonymous_0)","decl":{"start":{"line":6,"column":17},"end":{"line":6,"column":23}},"loc":{"start":{"line":6,"column":23},"end":{"line":49,"column":null}},"line":6},"1":{"name":"(anonymous_1)","decl":{"start":{"line":17,"column":20},"end":{"line":17,"column":21}},"loc":{"start":{"line":17,"column":33},"end":{"line":19,"column":null}},"line":17},"2":{"name":"(anonymous_2)","decl":{"start":{"line":18,"column":17},"end":{"line":18,"column":26}},"loc":{"start":{"line":18,"column":26},"end":{"line":18,"column":65}},"line":18},"3":{"name":"(anonymous_3)","decl":{"start":{"line":21,"column":23},"end":{"line":21,"column":24}},"loc":{"start":{"line":21,"column":31},"end":{"line":23,"column":null}},"line":21},"4":{"name":"(anonymous_4)","decl":{"start":{"line":22,"column":17},"end":{"line":22,"column":26}},"loc":{"start":{"line":22,"column":26},"end":{"line":22,"column":64}},"line":22},"5":{"name":"(anonymous_5)","decl":{"start":{"line":22,"column":39},"end":{"line":22,"column":40}},"loc":{"start":{"line":22,"column":49},"end":{"line":22,"column":63}},"line":22},"6":{"name":"(anonymous_6)","decl":{"start":{"line":25,"column":23},"end":{"line":25,"column":24}},"loc":{"start":{"line":25,"column":31},"end":{"line":31,"column":null}},"line":25},"7":{"name":"(anonymous_7)","decl":{"start":{"line":26,"column":17},"end":{"line":26,"column":null}},"loc":{"start":{"line":27,"column":12},"end":{"line":29,"column":null}},"line":27},"8":{"name":"(anonymous_8)","decl":{"start":{"line":27,"column":22},"end":{"line":27,"column":null}},"loc":{"start":{"line":28,"column":16},"end":{"line":28,"column":null}},"line":28},"9":{"name":"(anonymous_9)","decl":{"start":{"line":37,"column":27},"end":{"line":37,"column":28}},"loc":{"start":{"line":38,"column":20},"end":{"line":43,"column":23}},"line":38}},"branchMap":{"0":{"loc":{"start":{"line":28,"column":16},"end":{"line":28,"column":null}},"type":"cond-expr","locations":[{"start":{"line":28,"column":33},"end":{"line":28,"column":75}},{"start":{"line":28,"column":75},"end":{"line":28,"column":null}}],"line":28}},"s":{"0":1,"1":2,"2":2,"3":2,"4":1,"5":1,"6":2,"7":0,"8":0,"9":0,"10":2,"11":0,"12":0,"13":0,"14":2,"15":5},"f":{"0":2,"1":1,"2":1,"3":0,"4":0,"5":0,"6":0,"7":0,"8":0,"9":5},"b":{"0":[0,0]},"meta":{"lastBranch":1,"lastFunction":10,"lastStatement":16,"seen":{"s:6:17:49:Infinity":0,"f:6:17:6:23":0,"s:9:8:12:Infinity":1,"s:15:26:15:Infinity":2,"s:17:20:19:Infinity":3,"f:17:20:17:21":1,"s:18:8:18:Infinity":4,"f:18:17:18:26":2,"s:18:26:18:65":5,"s:21:23:23:Infinity":6,"f:21:23:21:24":3,"s:22:8:22:Infinity":7,"f:22:17:22:26":4,"s:22:26:22:64":8,"f:22:39:22:40":5,"s:22:49:22:63":9,"s:25:23:31:Infinity":10,"f:25:23:25:24":6,"s:26:8:30:Infinity":11,"f:26:17:26:Infinity":7,"s:27:12:29:Infinity":12,"f:27:22:27:Infinity":8,"s:28:16:28:Infinity":13,"b:28:33:28:75:28:75:28:Infinity":0,"s:33:4:46:Infinity":14,"f:37:27:37:28":9,"s:38:20:43:23":15}}}
}
